<?xml version="1.0" encoding="UTF-8"?>
<testsuites>
  <testsuite name="meliSDKTest" tests="9" assertions="21" failures="1" errors="0" time="0.064656">
    <testsuite name="InitSDKTest" file="/var/www/php-sdk/tests/Meli.php" tests="9" assertions="21" failures="1" errors="0" time="0.064656">
      <testcase name="testGetAuthUrl" class="InitSDKTest" file="/var/www/php-sdk/tests/Meli.php" line="23" assertions="1" time="0.014395">
        <failure type="PHPUnit_Framework_ExpectationFailedException">InitSDKTest::testGetAuthUrl
Failed asserting that two strings are equal.
--- Expected
+++ Actual
@@ @@
-'https://auth.mercadolivre.com.br/authorization?client_id=123&amp;response_type=code&amp;redirect_uri=a+redirect_uri'
+'http://auth.mercadolivre.com.br/authorization?client_id=123&amp;response_type=code&amp;redirect_uri=a+redirect_uri'

/var/www/php-sdk/tests/Meli.php:27
</failure>
      </testcase>
      <testcase name="testAuthorize" class="InitSDKTest" file="/var/www/php-sdk/tests/Meli.php" line="32" assertions="3" time="0.014285"/>
      <testcase name="testRefreshAccessToken" class="InitSDKTest" file="/var/www/php-sdk/tests/Meli.php" line="48" assertions="4" time="0.008071"/>
      <testcase name="testGet" class="InitSDKTest" file="/var/www/php-sdk/tests/Meli.php" line="73" assertions="2" time="0.005009"/>
      <testcase name="testPost" class="InitSDKTest" file="/var/www/php-sdk/tests/Meli.php" line="85" assertions="2" time="0.004871"/>
      <testcase name="testPut" class="InitSDKTest" file="/var/www/php-sdk/tests/Meli.php" line="122" assertions="2" time="0.004803"/>
      <testcase name="testDelete" class="InitSDKTest" file="/var/www/php-sdk/tests/Meli.php" line="141" assertions="2" time="0.004906"/>
      <testcase name="testOptions" class="InitSDKTest" file="/var/www/php-sdk/tests/Meli.php" line="155" assertions="2" time="0.004882"/>
      <testcase name="testMakePath" class="InitSDKTest" file="/var/www/php-sdk/tests/Meli.php" line="168" assertions="3" time="0.003434"/>
    </testsuite>
  </testsuite>
</testsuites>
